#
# A fatal error has been detected by the Java Runtime Environment:
#
#  EXCEPTION_ACCESS_VIOLATION (0xc0000005) at pc=0x00007ffabbc89801, pid=16140, tid=20300
#
# JRE version: OpenJDK Runtime Environment Temurin-17.0.8.1+1 (17.0.8.1+1) (build 17.0.8.1+1)
# Java VM: OpenJDK 64-Bit Server VM Temurin-17.0.8.1+1 (17.0.8.1+1, mixed mode, emulated-client, tiered, compressed oops, compressed class ptrs, g1 gc, windows-amd64)
# Problematic frame:
# V  [jvm.dll+0x309801]
#
# No core dump will be written. Minidumps are not enabled by default on client versions of Windows
#
# If you would like to submit a bug report, please visit:
#   https://github.com/adoptium/adoptium-support/issues
#

---------------  S U M M A R Y ------------

Command Line: -Dcom.sun.management.jmxremote -Dcom.sun.management.jmxremote.port=59565 -Dcom.sun.management.jmxremote.authenticate=false -Dcom.sun.management.jmxremote.ssl=false -Djava.rmi.server.hostname=localhost -Dspring.jmx.enabled=true -Dmanagement.endpoints.jmx.exposure.include=* -Dspring.application.admin.enabled=true -XX:TieredStopAtLevel=1 -Dspring.boot.project.name=ApiGateway -Dfile.encoding=UTF-8 -Dstdout.encoding=UTF-8 -Dstderr.encoding=UTF-8 -XX:+ShowCodeDetailsInExceptionMessages com.api.gateway.ApiGatewayApplication --spring.output.ansi.enabled=always

Host: AMD Ryzen 5 PRO 3500U w/ Radeon Vega Mobile Gfx, 8 cores, 5G,  Windows 11 , 64 bit Build 22621 (10.0.22621.2428)
Time: Tue Oct 31 12:13:25 2023 India Standard Time elapsed time: 12.783264 seconds (0d 0h 0m 12s)

---------------  T H R E A D  ---------------

Current thread (0x000001fddd2ca920):  GCTaskThread "GC Thread#3" [stack: 0x000000c40c600000,0x000000c40c700000] [id=20300]

Stack: [0x000000c40c600000,0x000000c40c700000],  sp=0x000000c40c6ff560,  free space=1021k
Native frames: (J=compiled Java code, j=interpreted, Vv=VM code, C=native code)
V  [jvm.dll+0x309801]
V  [jvm.dll+0x3065de]
V  [jvm.dll+0x314c03]
V  [jvm.dll+0x316bae]
V  [jvm.dll+0x31524d]
V  [jvm.dll+0x31676a]
V  [jvm.dll+0x2e1153]
V  [jvm.dll+0x2e2b7b]
V  [jvm.dll+0x862bbb]
V  [jvm.dll+0x862c06]
V  [jvm.dll+0x7e64ca]
V  [jvm.dll+0x677955]
C  [ucrtbase.dll+0x29363]
C  [KERNEL32.DLL+0x1257d]
C  [ntdll.dll+0x5aa78]


siginfo: EXCEPTION_ACCESS_VIOLATION (0xc0000005), reading address 0x0000000026611b40


Register to memory mapping:

RIP=0x00007ffabbc89801 jvm.dll
RAX=0x000001fdcac1f9c4 points into unknown readable memory: 00 00 00 00
RBX=0x00000000a22eeffd is pointing into object: [Ljava.lang.Object; 
{0x00000000a22eea88} - klass: 'java/lang/Object'[]
 - length: 1144
RCX=0x0 is NULL
RDX=0x0000000000000266 is an unknown value
RSP=0x000000c40c6ff560 points into unknown readable memory: 0x00000000a22f000c | 0c 00 2f a2 00 00 00 00
RBP=0x00000000000001c9 is an unknown value
RSI=0x00000000a22eeffc is pointing into object: [Ljava.lang.Object; 
{0x00000000a22eea88} - klass: 'java/lang/Object'[]
 - length: 1144
RDI=0x000001fddd41c670 points into unknown readable memory: 0x00007ffabc2da638 | 38 a6 2d bc fa 7f 00 00
R8 =0x0000000000000a23 is an unknown value
R9 =0x0000000000000083 is an unknown value
R10=0x0000000026611b40 is an unknown value
R11=0xfffffffff36e7322 is an unknown value
R12=0x000000c40c6ff810 points into unknown readable memory: 0x00007ffabc2db6f0 | f0 b6 2d bc fa 7f 00 00
R13=0x000001fdcabe9020 points into unknown readable memory: 0x00000000000005e2 | e2 05 00 00 00 00 00 00
R14=0x0000000000000040 is an unknown value
R15=0x0 is NULL


Registers:
RAX=0x000001fdcac1f9c4, RBX=0x00000000a22eeffd, RCX=0x0000000000000000, RDX=0x0000000000000266
RSP=0x000000c40c6ff560, RBP=0x00000000000001c9, RSI=0x00000000a22eeffc, RDI=0x000001fddd41c670
R8 =0x0000000000000a23, R9 =0x0000000000000083, R10=0x0000000026611b40, R11=0xfffffffff36e7322
R12=0x000000c40c6ff810, R13=0x000001fdcabe9020, R14=0x0000000000000040, R15=0x0000000000000000
RIP=0x00007ffabbc89801, EFLAGS=0x0000000000010246

Top of Stack: (sp=0x000000c40c6ff560)
0x000000c40c6ff560:   00000000a22f000c 00000000a22f0010
0x000000c40c6ff570:   0000000000000340 00007ffabbff1f3f
0x000000c40c6ff580:   000000c40c6ff600 0000000000000000
0x000000c40c6ff590:   0000000000000300 00007ffabbc93d71
0x000000c40c6ff5a0:   00000000a22f0010 000001fdd1e72760
0x000000c40c6ff5b0:   000000000000000d 0000000000000340
0x000000c40c6ff5c0:   000000c40c6ff810 00000000a22ee600
0x000000c40c6ff5d0:   000001fddd41c670 00007ffabbc865de
0x000000c40c6ff5e0:   0000000000000000 000000c40c6ff810
0x000000c40c6ff5f0:   000001fdd1e70000 000000000000000d
0x000000c40c6ff600:   000000000795ee68 0000000000000000
0x000000c40c6ff610:   000000c40c6ff810 00000000a22ee600
0x000000c40c6ff620:   00000000a22f0010 00007ffabbc94c03
0x000000c40c6ff630:   00000000a22ee600 000000c40c6ff650
0x000000c40c6ff640:   000000c40c6ff660 000001fdcac225e0
0x000000c40c6ff650:   00000000a22ee600 0000000000000340 

Instructions: (pc=0x00007ffabbc89801)
0x00007ffabbc89701:   1b fd ff ff 66 66 66 0f 1f 84 00 00 00 00 00 48
0x00007ffabbc89711:   8b 77 10 8b ae 80 00 00 00 8b cd 8b 86 00 01 00
0x00007ffabbc89721:   00 2b c8 81 e1 ff ff 01 00 41 3b ce 0f 86 06 03
0x00007ffabbc89731:   00 00 ff cd 81 e5 ff ff 01 00 89 ae 80 00 00 00
0x00007ffabbc89741:   e8 fa 03 36 00 8b 86 00 01 00 00 8b cd 48 8b 9e
0x00007ffabbc89751:   80 01 00 00 2b c8 81 e1 ff ff 01 00 8b d5 81 f9
0x00007ffabbc89761:   ff ff 01 00 48 8b 1c eb 41 0f 44 cf 85 c9 75 41
0x00007ffabbc89771:   48 8b 86 00 01 00 00 48 8b c8 48 89 44 24 28 48
0x00007ffabbc89781:   c1 e9 20 ff c1 89 6c 24 20 89 4c 24 24 3b e8 0f
0x00007ffabbc89791:   85 91 02 00 00 48 c1 e1 20 48 0b ca f0 48 0f b1
0x00007ffabbc897a1:   8e 00 01 00 00 0f 85 7b 02 00 00 8b 86 00 01 00
0x00007ffabbc897b1:   00 f6 c3 01 0f 84 3c 01 00 00 8b 0d 37 8b 7f 00
0x00007ffabbc897c1:   48 8d 73 ff 48 8b 47 08 44 8b 16 49 d3 e2 4c 03
0x00007ffabbc897d1:   15 1a 8b 7f 00 8b 88 90 05 00 00 49 8b d2 48 8b
0x00007ffabbc897e1:   80 80 05 00 00 48 d3 ea 0f b7 0c 50 66 89 8c 24
0x00007ffabbc897f1:   90 00 00 00 66 c1 e9 08 84 c9 0f 88 0f ff ff ff
0x00007ffabbc89801:   4d 8b 02 41 0f b6 c0 24 03 3c 03 75 1e 44 38 3d
0x00007ffabbc89811:   2a 4f 86 00 74 0f 41 0f b6 c0 24 07 3c 05 75 05
0x00007ffabbc89821:   4d 8b c7 eb 1f 49 83 e0 fc eb 19 0f b7 94 24 90
0x00007ffabbc89831:   00 00 00 4d 8b c8 4d 8b c2 48 8b cf e8 1e ef ff
0x00007ffabbc89841:   ff 4c 8b c0 8b 0d ad 8a 7f 00 49 8b d0 48 2b 15
0x00007ffabbc89851:   9b 8a 7f 00 48 d3 ea 89 16 49 8b d0 8b 0d 4d 57
0x00007ffabbc89861:   86 00 48 33 d6 48 d3 ea 48 85 d2 0f 84 9e fe ff
0x00007ffabbc89871:   ff 48 8b 47 08 48 8b d6 8b 88 c0 01 00 00 48 8b
0x00007ffabbc89881:   80 b0 01 00 00 48 d3 ea 48 8b 0c d0 8b 81 94 00
0x00007ffabbc89891:   00 00 d1 e8 a8 01 0f 85 73 fe ff ff 48 8b 47 08
0x00007ffabbc898a1:   8b 88 90 05 00 00 48 8b 80 80 05 00 00 49 d3 e8
0x00007ffabbc898b1:   46 38 3c 40 0f 84 55 fe ff ff 48 8b 47 60 48 c1
0x00007ffabbc898c1:   ee 09 48 8b 58 40 48 8b 48 38 48 03 de 48 2b d9
0x00007ffabbc898d1:   48 39 9f b0 01 00 00 0f 84 32 fe ff ff 48 8d 14
0x00007ffabbc898e1:   0b 48 8d 4f 18 e8 c5 40 00 00 48 89 9f b0 01 00
0x00007ffabbc898f1:   00 e9 19 fe ff ff f6 c3 03 0f 85 16 01 00 00 48 


Stack slot to memory mapping:
stack at sp + 0 slots: 0x00000000a22f000c is pointing into object: java.lang.String 
{0x00000000a22efff8} - klass: 'java/lang/String'
 - string: "sun.jvm.hotspot.debugger.windbg.amd64"
stack at sp + 1 slots: 0x00000000a22f0010 is an oop: [B 
{0x00000000a22f0010} - klass: {type array byte}
 - length: 37
stack at sp + 2 slots: 0x0000000000000340 is an unknown value
stack at sp + 3 slots: 0x00007ffabbff1f3f jvm.dll
stack at sp + 4 slots: 0x000000c40c6ff600 points into unknown readable memory: 0x000000000795ee68 | 68 ee 95 07 00 00 00 00
stack at sp + 5 slots: 0x0 is NULL
stack at sp + 6 slots: 0x0000000000000300 is an unknown value
stack at sp + 7 slots: 0x00007ffabbc93d71 jvm.dll


---------------  P R O C E S S  ---------------

Threads class SMR info:
_java_thread_list=0x000001fddd3cb2a0, length=20, elements={
0x000001fdcabd53f0, 0x000001fdd7e4cba0, 0x000001fddc0216f0, 0x000001fdd7e7e7a0,
0x000001fddc03a3a0, 0x000001fddc03af30, 0x000001fddc03c970, 0x000001fddc03edc0,
0x000001fddc0426c0, 0x000001fdd7df74a0, 0x000001fddc159020, 0x000001fddc209a00,
0x000001fddc90fa30, 0x000001fddc913e10, 0x000001fddc9d77c0, 0x000001fdcabd6070,
0x000001fddca3c640, 0x000001fddca3cb20, 0x000001fddca7cc00, 0x000001fddca7a890
}

Java Threads: ( => current thread )
  0x000001fdcabd53f0 JavaThread "main" [_thread_blocked, id=3636, stack(0x000000c40a800000,0x000000c40a900000)]
  0x000001fdd7e4cba0 JavaThread "Reference Handler" daemon [_thread_blocked, id=7952, stack(0x000000c40af00000,0x000000c40b000000)]
  0x000001fddc0216f0 JavaThread "Finalizer" daemon [_thread_blocked, id=8312, stack(0x000000c40b000000,0x000000c40b100000)]
  0x000001fdd7e7e7a0 JavaThread "Signal Dispatcher" daemon [_thread_blocked, id=17172, stack(0x000000c40b100000,0x000000c40b200000)]
  0x000001fddc03a3a0 JavaThread "Attach Listener" daemon [_thread_blocked, id=10448, stack(0x000000c40b200000,0x000000c40b300000)]
  0x000001fddc03af30 JavaThread "Service Thread" daemon [_thread_blocked, id=4396, stack(0x000000c40b300000,0x000000c40b400000)]
  0x000001fddc03c970 JavaThread "Monitor Deflation Thread" daemon [_thread_blocked, id=21428, stack(0x000000c40b400000,0x000000c40b500000)]
  0x000001fddc03edc0 JavaThread "C1 CompilerThread0" daemon [_thread_blocked, id=3584, stack(0x000000c40b500000,0x000000c40b600000)]
  0x000001fddc0426c0 JavaThread "Sweeper thread" daemon [_thread_blocked, id=19648, stack(0x000000c40b600000,0x000000c40b700000)]
  0x000001fdd7df74a0 JavaThread "Common-Cleaner" daemon [_thread_blocked, id=20476, stack(0x000000c40b700000,0x000000c40b800000)]
  0x000001fddc159020 JavaThread "C1 CompilerThread1" daemon [_thread_blocked, id=11848, stack(0x000000c40b800000,0x000000c40b900000)]
  0x000001fddc209a00 JavaThread "Notification Thread" daemon [_thread_blocked, id=20688, stack(0x000000c40b900000,0x000000c40ba00000)]
  0x000001fddc90fa30 JavaThread "RMI TCP Accept-0" daemon [_thread_in_native, id=20776, stack(0x000000c40ba00000,0x000000c40bb00000)]
  0x000001fddc913e10 JavaThread "RMI TCP Accept-59565" daemon [_thread_in_native, id=12708, stack(0x000000c40bb00000,0x000000c40bc00000)]
  0x000001fddc9d77c0 JavaThread "RMI TCP Accept-0" daemon [_thread_in_native, id=21280, stack(0x000000c40bc00000,0x000000c40bd00000)]
  0x000001fdcabd6070 JavaThread "RMI TCP Connection(1)-127.0.0.1" daemon [_thread_in_native, id=20752, stack(0x000000c40be00000,0x000000c40bf00000)]
  0x000001fddca3c640 JavaThread "RMI Scheduler(0)" daemon [_thread_blocked, id=3040, stack(0x000000c40bf00000,0x000000c40c000000)]
  0x000001fddca3cb20 JavaThread "RMI TCP Connection(2)-127.0.0.1" daemon [_thread_in_native, id=12800, stack(0x000000c40c000000,0x000000c40c100000)]
  0x000001fddca7cc00 JavaThread "JMX server connection timeout 22" daemon [_thread_blocked, id=4696, stack(0x000000c40c100000,0x000000c40c200000)]
  0x000001fddca7a890 JavaThread "RMI TCP Connection(3)-127.0.0.1" daemon [_thread_blocked, id=21496, stack(0x000000c40c200000,0x000000c40c300000)]

Other Threads:
  0x000001fdd7e4b8b0 VMThread "VM Thread" [stack: 0x000000c40ae00000,0x000000c40af00000] [id=19540]
  0x000001fddc9150f0 WatcherThread [stack: 0x000000c40bd00000,0x000000c40be00000] [id=20864]
  0x000001fdcac220c0 GCTaskThread "GC Thread#0" [stack: 0x000000c40a900000,0x000000c40aa00000] [id=16404]
  0x000001fddd263430 GCTaskThread "GC Thread#1" [stack: 0x000000c40c400000,0x000000c40c500000] [id=13140]
  0x000001fddd2ca660 GCTaskThread "GC Thread#2" [stack: 0x000000c40c500000,0x000000c40c600000] [id=6388]
=>0x000001fddd2ca920 GCTaskThread "GC Thread#3" [stack: 0x000000c40c600000,0x000000c40c700000] [id=20300]
  0x000001fddd2cabe0 GCTaskThread "GC Thread#4" [stack: 0x000000c40c700000,0x000000c40c800000] [id=2560]
  0x000001fddd2cb6b0 GCTaskThread "GC Thread#5" [stack: 0x000000c40c800000,0x000000c40c900000] [id=21508]
  0x000001fddd2cb970 GCTaskThread "GC Thread#6" [stack: 0x000000c40c900000,0x000000c40ca00000] [id=21512]
  0x000001fddd2cbc30 GCTaskThread "GC Thread#7" [stack: 0x000000c40ca00000,0x000000c40cb00000] [id=21516]
  0x000001fdcac2eb50 ConcurrentGCThread "G1 Main Marker" [stack: 0x000000c40aa00000,0x000000c40ab00000] [id=16244]
  0x000001fdcac2f460 ConcurrentGCThread "G1 Conc#0" [stack: 0x000000c40ab00000,0x000000c40ac00000] [id=18024]
  0x000001fdcac5e800 ConcurrentGCThread "G1 Refine#0" [stack: 0x000000c40ac00000,0x000000c40ad00000] [id=17932]
  0x000001fddd28c7a0 ConcurrentGCThread "G1 Refine#1" [stack: 0x000000c40cb00000,0x000000c40cc00000] [id=21520]
  0x000001fdd7cc42b0 ConcurrentGCThread "G1 Service" [stack: 0x000000c40ad00000,0x000000c40ae00000] [id=6020]

Threads with active compile tasks:

VM state: at safepoint (normal execution)

VM Mutex/Monitor currently owned by a thread:  ([mutex/lock_event])
[0x000001fdcabd04d0] Threads_lock - owner thread: 0x000001fdd7e4b8b0
[0x000001fdcabd07a0] Heap_lock - owner thread: 0x000001fdcabd53f0

Heap address: 0x00000000a1e00000, size: 1506 MB, Compressed Oops mode: 32-bit

CDS archive(s) not mapped
Compressed class space mapped at: 0x0000000100000000-0x0000000140000000, reserved size: 1073741824
Narrow klass base: 0x0000000000000000, Narrow klass shift: 3, Narrow klass range: 0x140000000

GC Precious Log:
 CPUs: 8 total, 8 available
 Memory: 6022M
 Large Page Support: Disabled
 NUMA Support: Disabled
 Compressed Oops: Enabled (32-bit)
 Heap Region Size: 1M
 Heap Min Capacity: 8M
 Heap Initial Capacity: 96M
 Heap Max Capacity: 1506M
 Pre-touch: Disabled
 Parallel Workers: 8
 Concurrent Workers: 2
 Concurrent Refinement Workers: 8
 Periodic GC: Disabled

Heap:
 garbage-first heap   total 98304K, used 24864K [0x00000000a1e00000, 0x0000000100000000)
  region size 1024K, 19 young (19456K), 2 survivors (2048K)
 Metaspace       used 18568K, committed 18816K, reserved 1114112K
  class space    used 2054K, committed 2176K, reserved 1048576K

Heap Regions: E=young(eden), S=young(survivor), O=old, HS=humongous(starts), HC=humongous(continues), CS=collection set, F=free, OA=open archive, CA=closed archive, TAMS=top-at-mark-start (previous, next)
|   0|0x00000000a1e00000, 0x00000000a1f00000, 0x00000000a1f00000|100%| O|  |TAMS 0x00000000a1e00000, 0x00000000a1e00000| Untracked 
|   1|0x00000000a1f00000, 0x00000000a2000000, 0x00000000a2000000|100%| O|  |TAMS 0x00000000a1f00000, 0x00000000a1f00000| Untracked 
|   2|0x00000000a2000000, 0x00000000a2100000, 0x00000000a2100000|100%| O|  |TAMS 0x00000000a2000000, 0x00000000a2000000| Untracked 
|   3|0x00000000a2100000, 0x00000000a2200000, 0x00000000a2200000|100%| O|  |TAMS 0x00000000a2100000, 0x00000000a2100000| Untracked 
|   4|0x00000000a2200000, 0x00000000a2300000, 0x00000000a2300000|100%| O|  |TAMS 0x00000000a2200000, 0x00000000a2200000| Untracked 
|   5|0x00000000a2300000, 0x00000000a2400000, 0x00000000a2400000|100%| O|  |TAMS 0x00000000a2300000, 0x00000000a2300000| Untracked 
|   6|0x00000000a2400000, 0x00000000a2500000, 0x00000000a2500000|100%| O|  |TAMS 0x00000000a2400000, 0x00000000a2400000| Untracked 
|   7|0x00000000a2500000, 0x00000000a2575288, 0x00000000a2600000| 45%| O|  |TAMS 0x00000000a2500000, 0x00000000a2500000| Untracked 
|   8|0x00000000a2600000, 0x00000000a2600000, 0x00000000a2700000|  0%| F|  |TAMS 0x00000000a2600000, 0x00000000a2600000| Untracked 
|   9|0x00000000a2700000, 0x00000000a2700000, 0x00000000a2800000|  0%| F|  |TAMS 0x00000000a2700000, 0x00000000a2700000| Untracked 
|  10|0x00000000a2800000, 0x00000000a2800000, 0x00000000a2900000|  0%| F|  |TAMS 0x00000000a2800000, 0x00000000a2800000| Untracked 
|  11|0x00000000a2900000, 0x00000000a2900000, 0x00000000a2a00000|  0%| F|  |TAMS 0x00000000a2900000, 0x00000000a2900000| Untracked 
|  12|0x00000000a2a00000, 0x00000000a2a00000, 0x00000000a2b00000|  0%| F|  |TAMS 0x00000000a2a00000, 0x00000000a2a00000| Untracked 
|  13|0x00000000a2b00000, 0x00000000a2b00000, 0x00000000a2c00000|  0%| F|  |TAMS 0x00000000a2b00000, 0x00000000a2b00000| Untracked 
|  14|0x00000000a2c00000, 0x00000000a2c00000, 0x00000000a2d00000|  0%| F|  |TAMS 0x00000000a2c00000, 0x00000000a2c00000| Untracked 
|  15|0x00000000a2d00000, 0x00000000a2d00000, 0x00000000a2e00000|  0%| F|  |TAMS 0x00000000a2d00000, 0x00000000a2d00000| Untracked 
|  16|0x00000000a2e00000, 0x00000000a2e00000, 0x00000000a2f00000|  0%| F|  |TAMS 0x00000000a2e00000, 0x00000000a2e00000| Untracked 
|  17|0x00000000a2f00000, 0x00000000a2f00000, 0x00000000a3000000|  0%| F|  |TAMS 0x00000000a2f00000, 0x00000000a2f00000| Untracked 
|  18|0x00000000a3000000, 0x00000000a3000000, 0x00000000a3100000|  0%| F|  |TAMS 0x00000000a3000000, 0x00000000a3000000| Untracked 
|  19|0x00000000a3100000, 0x00000000a3100000, 0x00000000a3200000|  0%| F|  |TAMS 0x00000000a3100000, 0x00000000a3100000| Untracked 
|  20|0x00000000a3200000, 0x00000000a3200000, 0x00000000a3300000|  0%| F|  |TAMS 0x00000000a3200000, 0x00000000a3200000| Untracked 
|  21|0x00000000a3300000, 0x00000000a3300000, 0x00000000a3400000|  0%| F|  |TAMS 0x00000000a3300000, 0x00000000a3300000| Untracked 
|  22|0x00000000a3400000, 0x00000000a3400000, 0x00000000a3500000|  0%| F|  |TAMS 0x00000000a3400000, 0x00000000a3400000| Untracked 
|  23|0x00000000a3500000, 0x00000000a3500000, 0x00000000a3600000|  0%| F|  |TAMS 0x00000000a3500000, 0x00000000a3500000| Untracked 
|  24|0x00000000a3600000, 0x00000000a3600000, 0x00000000a3700000|  0%| F|  |TAMS 0x00000000a3600000, 0x00000000a3600000| Untracked 
|  25|0x00000000a3700000, 0x00000000a3700000, 0x00000000a3800000|  0%| F|  |TAMS 0x00000000a3700000, 0x00000000a3700000| Untracked 
|  26|0x00000000a3800000, 0x00000000a3800000, 0x00000000a3900000|  0%| F|  |TAMS 0x00000000a3800000, 0x00000000a3800000| Untracked 
|  27|0x00000000a3900000, 0x00000000a3900000, 0x00000000a3a00000|  0%| F|  |TAMS 0x00000000a3900000, 0x00000000a3900000| Untracked 
|  28|0x00000000a3a00000, 0x00000000a3a00000, 0x00000000a3b00000|  0%| F|  |TAMS 0x00000000a3a00000, 0x00000000a3a00000| Untracked 
|  29|0x00000000a3b00000, 0x00000000a3b00000, 0x00000000a3c00000|  0%| F|  |TAMS 0x00000000a3b00000, 0x00000000a3b00000| Untracked 
|  30|0x00000000a3c00000, 0x00000000a3c00000, 0x00000000a3d00000|  0%| F|  |TAMS 0x00000000a3c00000, 0x00000000a3c00000| Untracked 
|  31|0x00000000a3d00000, 0x00000000a3d00000, 0x00000000a3e00000|  0%| F|  |TAMS 0x00000000a3d00000, 0x00000000a3d00000| Untracked 
|  32|0x00000000a3e00000, 0x00000000a3e00000, 0x00000000a3f00000|  0%| F|  |TAMS 0x00000000a3e00000, 0x00000000a3e00000| Untracked 
|  33|0x00000000a3f00000, 0x00000000a3f00000, 0x00000000a4000000|  0%| F|  |TAMS 0x00000000a3f00000, 0x00000000a3f00000| Untracked 
|  34|0x00000000a4000000, 0x00000000a4000000, 0x00000000a4100000|  0%| F|  |TAMS 0x00000000a4000000, 0x00000000a4000000| Untracked 
|  35|0x00000000a4100000, 0x00000000a4100000, 0x00000000a4200000|  0%| F|  |TAMS 0x00000000a4100000, 0x00000000a4100000| Untracked 
|  36|0x00000000a4200000, 0x00000000a4200000, 0x00000000a4300000|  0%| F|  |TAMS 0x00000000a4200000, 0x00000000a4200000| Untracked 
|  37|0x00000000a4300000, 0x00000000a4300000, 0x00000000a4400000|  0%| F|  |TAMS 0x00000000a4300000, 0x00000000a4300000| Untracked 
|  38|0x00000000a4400000, 0x00000000a4400000, 0x00000000a4500000|  0%| F|  |TAMS 0x00000000a4400000, 0x00000000a4400000| Untracked 
|  39|0x00000000a4500000, 0x00000000a4500000, 0x00000000a4600000|  0%| F|  |TAMS 0x00000000a4500000, 0x00000000a4500000| Untracked 
|  40|0x00000000a4600000, 0x00000000a4600000, 0x00000000a4700000|  0%| F|  |TAMS 0x00000000a4600000, 0x00000000a4600000| Untracked 
|  41|0x00000000a4700000, 0x00000000a4700000, 0x00000000a4800000|  0%| F|  |TAMS 0x00000000a4700000, 0x00000000a4700000| Untracked 
|  42|0x00000000a4800000, 0x00000000a4800000, 0x00000000a4900000|  0%| F|  |TAMS 0x00000000a4800000, 0x00000000a4800000| Untracked 
|  43|0x00000000a4900000, 0x00000000a4900000, 0x00000000a4a00000|  0%| F|  |TAMS 0x00000000a4900000, 0x00000000a4900000| Untracked 
|  44|0x00000000a4a00000, 0x00000000a4a00000, 0x00000000a4b00000|  0%| F|  |TAMS 0x00000000a4a00000, 0x00000000a4a00000| Untracked 
|  45|0x00000000a4b00000, 0x00000000a4b00000, 0x00000000a4c00000|  0%| F|  |TAMS 0x00000000a4b00000, 0x00000000a4b00000| Untracked 
|  46|0x00000000a4c00000, 0x00000000a4c00000, 0x00000000a4d00000|  0%| F|  |TAMS 0x00000000a4c00000, 0x00000000a4c00000| Untracked 
|  47|0x00000000a4d00000, 0x00000000a4d00000, 0x00000000a4e00000|  0%| F|  |TAMS 0x00000000a4d00000, 0x00000000a4d00000| Untracked 
|  48|0x00000000a4e00000, 0x00000000a4e00000, 0x00000000a4f00000|  0%| F|  |TAMS 0x00000000a4e00000, 0x00000000a4e00000| Untracked 
|  49|0x00000000a4f00000, 0x00000000a4f00000, 0x00000000a5000000|  0%| F|  |TAMS 0x00000000a4f00000, 0x00000000a4f00000| Untracked 
|  50|0x00000000a5000000, 0x00000000a5000000, 0x00000000a5100000|  0%| F|  |TAMS 0x00000000a5000000, 0x00000000a5000000| Untracked 
|  51|0x00000000a5100000, 0x00000000a5100000, 0x00000000a5200000|  0%| F|  |TAMS 0x00000000a5100000, 0x00000000a5100000| Untracked 
|  52|0x00000000a5200000, 0x00000000a5200000, 0x00000000a5300000|  0%| F|  |TAMS 0x00000000a5200000, 0x00000000a5200000| Untracked 
|  53|0x00000000a5300000, 0x00000000a5300000, 0x00000000a5400000|  0%| F|  |TAMS 0x00000000a5300000, 0x00000000a5300000| Untracked 
|  54|0x00000000a5400000, 0x00000000a5400000, 0x00000000a5500000|  0%| F|  |TAMS 0x00000000a5400000, 0x00000000a5400000| Untracked 
|  55|0x00000000a5500000, 0x00000000a5500000, 0x00000000a5600000|  0%| F|  |TAMS 0x00000000a5500000, 0x00000000a5500000| Untracked 
|  56|0x00000000a5600000, 0x00000000a5600000, 0x00000000a5700000|  0%| F|  |TAMS 0x00000000a5600000, 0x00000000a5600000| Untracked 
|  57|0x00000000a5700000, 0x00000000a5700000, 0x00000000a5800000|  0%| F|  |TAMS 0x00000000a5700000, 0x00000000a5700000| Untracked 
|  58|0x00000000a5800000, 0x00000000a5800000, 0x00000000a5900000|  0%| F|  |TAMS 0x00000000a5800000, 0x00000000a5800000| Untracked 
|  59|0x00000000a5900000, 0x00000000a5900000, 0x00000000a5a00000|  0%| F|  |TAMS 0x00000000a5900000, 0x00000000a5900000| Untracked 
|  60|0x00000000a5a00000, 0x00000000a5a00000, 0x00000000a5b00000|  0%| F|  |TAMS 0x00000000a5a00000, 0x00000000a5a00000| Untracked 
|  61|0x00000000a5b00000, 0x00000000a5b00000, 0x00000000a5c00000|  0%| F|  |TAMS 0x00000000a5b00000, 0x00000000a5b00000| Untracked 
|  62|0x00000000a5c00000, 0x00000000a5c00000, 0x00000000a5d00000|  0%| F|  |TAMS 0x00000000a5c00000, 0x00000000a5c00000| Untracked 
|  63|0x00000000a5d00000, 0x00000000a5d00000, 0x00000000a5e00000|  0%| F|  |TAMS 0x00000000a5d00000, 0x00000000a5d00000| Untracked 
|  64|0x00000000a5e00000, 0x00000000a5e00000, 0x00000000a5f00000|  0%| F|  |TAMS 0x00000000a5e00000, 0x00000000a5e00000| Untracked 
|  65|0x00000000a5f00000, 0x00000000a5f00000, 0x00000000a6000000|  0%| F|  |TAMS 0x00000000a5f00000, 0x00000000a5f00000| Untracked 
|  66|0x00000000a6000000, 0x00000000a6000000, 0x00000000a6100000|  0%| F|  |TAMS 0x00000000a6000000, 0x00000000a6000000| Untracked 
|  67|0x00000000a6100000, 0x00000000a6100000, 0x00000000a6200000|  0%| F|  |TAMS 0x00000000a6100000, 0x00000000a6100000| Untracked 
|  68|0x00000000a6200000, 0x00000000a6200000, 0x00000000a6300000|  0%| F|  |TAMS 0x00000000a6200000, 0x00000000a6200000| Untracked 
|  69|0x00000000a6300000, 0x00000000a6300000, 0x00000000a6400000|  0%| F|  |TAMS 0x00000000a6300000, 0x00000000a6300000| Untracked 
|  70|0x00000000a6400000, 0x00000000a6500000, 0x00000000a6500000|100%| E|CS|TAMS 0x00000000a6400000, 0x00000000a6400000| Complete 
|  71|0x00000000a6500000, 0x00000000a6600000, 0x00000000a6600000|100%| E|CS|TAMS 0x00000000a6500000, 0x00000000a6500000| Complete 
|  72|0x00000000a6600000, 0x00000000a6700000, 0x00000000a6700000|100%| E|CS|TAMS 0x00000000a6600000, 0x00000000a6600000| Complete 
|  73|0x00000000a6700000, 0x00000000a6700000, 0x00000000a6800000|  0%| F|  |TAMS 0x00000000a6700000, 0x00000000a6700000| Untracked 
|  74|0x00000000a6800000, 0x00000000a6800000, 0x00000000a6900000|  0%| F|  |TAMS 0x00000000a6800000, 0x00000000a6800000| Untracked 
|  75|0x00000000a6900000, 0x00000000a6900000, 0x00000000a6a00000|  0%| F|  |TAMS 0x00000000a6900000, 0x00000000a6900000| Untracked 
|  76|0x00000000a6a00000, 0x00000000a6a00000, 0x00000000a6b00000|  0%| F|  |TAMS 0x00000000a6a00000, 0x00000000a6a00000| Untracked 
|  77|0x00000000a6b00000, 0x00000000a6b2c548, 0x00000000a6c00000| 17%| S|  |TAMS 0x00000000a6b00000, 0x00000000a6b00000| Complete 
|  78|0x00000000a6c00000, 0x00000000a6d00000, 0x00000000a6d00000|100%| S|  |TAMS 0x00000000a6c00000, 0x00000000a6c00000| Complete 
|  79|0x00000000a6d00000, 0x00000000a6e00000, 0x00000000a6e00000|100%| E|CS|TAMS 0x00000000a6d00000, 0x00000000a6d00000| Complete 
|  80|0x00000000a6e00000, 0x00000000a6f00000, 0x00000000a6f00000|100%| E|CS|TAMS 0x00000000a6e00000, 0x00000000a6e00000| Complete 
|  81|0x00000000a6f00000, 0x00000000a7000000, 0x00000000a7000000|100%| E|CS|TAMS 0x00000000a6f00000, 0x00000000a6f00000| Complete 
|  82|0x00000000a7000000, 0x00000000a7100000, 0x00000000a7100000|100%| E|CS|TAMS 0x00000000a7000000, 0x00000000a7000000| Complete 
|  83|0x00000000a7100000, 0x00000000a7200000, 0x00000000a7200000|100%| E|CS|TAMS 0x00000000a7100000, 0x00000000a7100000| Complete 
|  84|0x00000000a7200000, 0x00000000a7300000, 0x00000000a7300000|100%| E|CS|TAMS 0x00000000a7200000, 0x00000000a7200000| Complete 
|  85|0x00000000a7300000, 0x00000000a7400000, 0x00000000a7400000|100%| E|CS|TAMS 0x00000000a7300000, 0x00000000a7300000| Complete 
|  86|0x00000000a7400000, 0x00000000a7500000, 0x00000000a7500000|100%| E|CS|TAMS 0x00000000a7400000, 0x00000000a7400000| Complete 
|  87|0x00000000a7500000, 0x00000000a7600000, 0x00000000a7600000|100%| E|CS|TAMS 0x00000000a7500000, 0x00000000a7500000| Complete 
|  88|0x00000000a7600000, 0x00000000a7700000, 0x00000000a7700000|100%| E|CS|TAMS 0x00000000a7600000, 0x00000000a7600000| Complete 
|  89|0x00000000a7700000, 0x00000000a7800000, 0x00000000a7800000|100%| E|CS|TAMS 0x00000000a7700000, 0x00000000a7700000| Complete 
|  90|0x00000000a7800000, 0x00000000a7900000, 0x00000000a7900000|100%| E|CS|TAMS 0x00000000a7800000, 0x00000000a7800000| Complete 
|  91|0x00000000a7900000, 0x00000000a7a00000, 0x00000000a7a00000|100%| E|CS|TAMS 0x00000000a7900000, 0x00000000a7900000| Complete 
|  92|0x00000000a7a00000, 0x00000000a7b00000, 0x00000000a7b00000|100%| E|CS|TAMS 0x00000000a7a00000, 0x00000000a7a00000| Complete 
|  93|0x00000000a7b00000, 0x00000000a7c00000, 0x00000000a7c00000|100%| E|CS|TAMS 0x00000000a7b00000, 0x00000000a7b00000| Complete 
|  94|0x00000000a7c00000, 0x00000000a7d00000, 0x00000000a7d00000|100%| E|CS|TAMS 0x00000000a7c00000, 0x00000000a7c00000| Complete 
|  95|0x00000000a7d00000, 0x00000000a7e00000, 0x00000000a7e00000|100%| E|CS|TAMS 0x00000000a7d00000, 0x00000000a7d00000| Complete 

Card table byte_map: [0x000001fdd1e70000,0x000001fdd2170000] _byte_map_base: 0x000001fdd1961000

Marking Bits (Prev, Next): (CMBitMap*) 0x000001fdcac225e0, (CMBitMap*) 0x000001fdcac22620
 Prev Bits: [0x000001fdd2470000, 0x000001fdd3bf8000)
 Next Bits: [0x000001fdd3c00000, 0x000001fdd5388000)

Polling page: 0x000001fdcab10000

Metaspace:

Usage:
  Non-class:     16.13 MB used.
      Class:      2.01 MB used.
       Both:     18.13 MB used.

Virtual space:
  Non-class space:       64.00 MB reserved,      16.25 MB ( 25%) committed,  1 nodes.
      Class space:        1.00 GB reserved,       2.12 MB ( <1%) committed,  1 nodes.
             Both:        1.06 GB reserved,      18.38 MB (  2%) committed. 

Chunk freelists:
   Non-Class:  15.34 MB
       Class:  13.81 MB
        Both:  29.16 MB

MaxMetaspaceSize: unlimited
CompressedClassSpaceSize: 1.00 GB
Initial GC threshold: 21.00 MB
Current GC threshold: 21.00 MB
CDS: off
MetaspaceReclaimPolicy: balanced
 - commit_granule_bytes: 65536.
 - commit_granule_words: 8192.
 - virtual_space_node_default_size: 8388608.
 - enlarge_chunks_in_place: 1.
 - new_chunks_are_fully_committed: 0.
 - uncommit_free_chunks: 1.
 - use_allocation_guard: 0.
 - handle_deallocations: 1.


Internal statistics:

num_allocs_failed_limit: 0.
num_arena_births: 216.
num_arena_deaths: 0.
num_vsnodes_births: 2.
num_vsnodes_deaths: 0.
num_space_committed: 294.
num_space_uncommitted: 0.
num_chunks_returned_to_freelist: 0.
num_chunks_taken_from_freelist: 471.
num_chunk_merges: 0.
num_chunk_splits: 281.
num_chunks_enlarged: 169.
num_inconsistent_stats: 0.

CodeCache: size=49152Kb used=4255Kb max_used=4554Kb free=44896Kb
 bounds [0x000001fdce280000, 0x000001fdce700000, 0x000001fdd1280000]
 total_blobs=2208 nmethods=1743 adapters=392
 compilation: enabled
              stopped_count=0, restarted_count=0
 full_count=0

Compilation events (20 events):
Event: 11.971 Thread 0x000001fddc03edc0 nmethod 1732 0x000001fdce61ec90 code [0x000001fdce61ee20, 0x000001fdce61efa8]
Event: 11.971 Thread 0x000001fddc159020 nmethod 1731 0x000001fdce61e890 code [0x000001fdce61ea20, 0x000001fdce61eba8]
Event: 11.971 Thread 0x000001fddc03edc0 1733       1       java.io.ObjectStreamClass::getClassDataLayout (20 bytes)
Event: 11.971 Thread 0x000001fddc03edc0 nmethod 1733 0x000001fdce61e510 code [0x000001fdce61e6a0, 0x000001fdce61e7e8]
Event: 12.476 Thread 0x000001fddc159020 1734  s    1       java.lang.Throwable::fillInStackTrace (29 bytes)
Event: 12.477 Thread 0x000001fddc159020 nmethod 1734 0x000001fdce61dc10 code [0x000001fdce61ddc0, 0x000001fdce61dfe8]
Event: 12.477 Thread 0x000001fddc03edc0 1738   !   1       java.io.ObjectOutputStream::writeSerialData (223 bytes)
Event: 12.477 Thread 0x000001fddc159020 1736   !   1       java.io.ObjectOutputStream::writeOrdinaryObject (196 bytes)
Event: 12.480 Thread 0x000001fddc03edc0 nmethod 1738 0x000001fdce61cb90 code [0x000001fdce61cdc0, 0x000001fdce61d688]
Event: 12.480 Thread 0x000001fddc159020 nmethod 1736 0x000001fdce61ba10 code [0x000001fdce61bca0, 0x000001fdce61c368]
Event: 12.480 Thread 0x000001fddc03edc0 1737       1       java.io.ObjectStreamClass::checkSerialize (20 bytes)
Event: 12.481 Thread 0x000001fddc03edc0 nmethod 1737 0x000001fdce61b510 code [0x000001fdce61b6c0, 0x000001fdce61b8b8]
Event: 12.689 Thread 0x000001fddc03edc0 1740       1       java.util.ArrayDeque::peek (5 bytes)
Event: 12.689 Thread 0x000001fddc159020 1741       1       java.util.ArrayDeque::peekFirst (12 bytes)
Event: 12.689 Thread 0x000001fddc03edc0 nmethod 1740 0x000001fdce61ab90 code [0x000001fdce61ad20, 0x000001fdce61ae18]
Event: 12.689 Thread 0x000001fddc159020 nmethod 1741 0x000001fdce61a810 code [0x000001fdce61a9a0, 0x000001fdce61aa98]
Event: 12.704 Thread 0x000001fddc159020 1742       1       org.springframework.boot.context.properties.source.SpringConfigurationPropertySources$SourcesIterator::fetchNext (138 bytes)
Event: 12.705 Thread 0x000001fddc159020 nmethod 1742 0x000001fdce619b90 code [0x000001fdce619e20, 0x000001fdce61a4f8]
Event: 12.710 Thread 0x000001fddc159020 1743       1       java.util.ArrayDeque::isEmpty (17 bytes)
Event: 12.710 Thread 0x000001fddc159020 nmethod 1743 0x000001fdce619890 code [0x000001fdce619a20, 0x000001fdce619af8]

GC Heap History (3 events):
Event: 8.723 GC heap before
{Heap before GC invocations=0 (full 0):
 garbage-first heap   total 98304K, used 23552K [0x00000000a1e00000, 0x0000000100000000)
  region size 1024K, 23 young (23552K), 0 survivors (0K)
 Metaspace       used 14783K, committed 15040K, reserved 1114112K
  class space    used 1549K, committed 1664K, reserved 1048576K
}
Event: 8.791 GC heap after
{Heap after GC invocations=1 (full 0):
 garbage-first heap   total 98304K, used 7456K [0x00000000a1e00000, 0x0000000100000000)
  region size 1024K, 3 young (3072K), 3 survivors (3072K)
 Metaspace       used 14783K, committed 15040K, reserved 1114112K
  class space    used 1549K, committed 1664K, reserved 1048576K
}
Event: 12.715 GC heap before
{Heap before GC invocations=1 (full 0):
 garbage-first heap   total 98304K, used 24864K [0x00000000a1e00000, 0x0000000100000000)
  region size 1024K, 20 young (20480K), 3 survivors (3072K)
 Metaspace       used 18568K, committed 18816K, reserved 1114112K
  class space    used 2054K, committed 2176K, reserved 1048576K
}

Dll operation events (8 events):
Event: 0.181 Loaded shared library C:\Users\SAUMYAAG\Downloads\sts-4.20.0.RELEASE\plugins\org.eclipse.justj.openjdk.hotspot.jre.full.win32.x86_64_17.0.8.v20230831-1047\jre\bin\java.dll
Event: 2.609 Loaded shared library C:\Users\SAUMYAAG\Downloads\sts-4.20.0.RELEASE\plugins\org.eclipse.justj.openjdk.hotspot.jre.full.win32.x86_64_17.0.8.v20230831-1047\jre\bin\jimage.dll
Event: 2.754 Loaded shared library C:\Users\SAUMYAAG\Downloads\sts-4.20.0.RELEASE\plugins\org.eclipse.justj.openjdk.hotspot.jre.full.win32.x86_64_17.0.8.v20230831-1047\jre\bin\net.dll
Event: 2.776 Loaded shared library C:\Users\SAUMYAAG\Downloads\sts-4.20.0.RELEASE\plugins\org.eclipse.justj.openjdk.hotspot.jre.full.win32.x86_64_17.0.8.v20230831-1047\jre\bin\nio.dll
Event: 2.875 Loaded shared library C:\Users\SAUMYAAG\Downloads\sts-4.20.0.RELEASE\plugins\org.eclipse.justj.openjdk.hotspot.jre.full.win32.x86_64_17.0.8.v20230831-1047\jre\bin\zip.dll
Event: 4.191 Loaded shared library C:\Users\SAUMYAAG\Downloads\sts-4.20.0.RELEASE\plugins\org.eclipse.justj.openjdk.hotspot.jre.full.win32.x86_64_17.0.8.v20230831-1047\jre\bin\management.dll
Event: 4.258 Loaded shared library C:\Users\SAUMYAAG\Downloads\sts-4.20.0.RELEASE\plugins\org.eclipse.justj.openjdk.hotspot.jre.full.win32.x86_64_17.0.8.v20230831-1047\jre\bin\management_ext.dll
Event: 7.552 Loaded shared library C:\Users\SAUMYAAG\Downloads\sts-4.20.0.RELEASE\plugins\org.eclipse.justj.openjdk.hotspot.jre.full.win32.x86_64_17.0.8.v20230831-1047\jre\bin\verify.dll

Deoptimization events (0 events):
No events

Classes unloaded (0 events):
No events

Classes redefined (0 events):
No events

Internal exceptions (20 events):
Event: 9.298 Thread 0x000001fdcabd53f0 Exception <a 'java/lang/NoSuchMethodError'{0x00000000a796ebf8}: 'int java.lang.invoke.DirectMethodHandle$Holder.invokeStaticInit(java.lang.Object, java.lang.Object, java.lang.Object)'> (0x00000000a796ebf8) 
thrown [s\src\hotspot\share\interpreter\linkResolver.cpp, line 759]
Event: 9.347 Thread 0x000001fdcabd53f0 Exception <a 'java/lang/NoSuchMethodError'{0x00000000a79d28a0}: 'java.lang.Object java.lang.invoke.DirectMethodHandle$Holder.newInvokeSpecial(java.lang.Object, java.lang.Object, java.lang.Object, java.lang.Object, java.lang.Object)'> (0x00000000a79d28a0) 
thrown [s\src\hotspot\share\interpreter\linkResolver.cpp, line 759]
Event: 9.371 Thread 0x000001fdcabd53f0 Exception <a 'java/lang/NoSuchMethodError'{0x00000000a7825078}: 'java.lang.Object java.lang.invoke.DirectMethodHandle$Holder.invokeStaticInit(java.lang.Object, java.lang.Object, java.lang.Object)'> (0x00000000a7825078) 
thrown [s\src\hotspot\share\interpreter\linkResolver.cpp, line 759]
Event: 9.399 Thread 0x000001fddca7a890 Exception <a 'java/lang/reflect/InvocationTargetException'{0x00000000a7dad4f8}> (0x00000000a7dad4f8) 
thrown [s\src\hotspot\share\runtime\reflection.cpp, line 1121]
Event: 9.690 Thread 0x000001fdcabd53f0 Exception <a 'java/lang/NoSuchMethodError'{0x00000000a7605390}: 'java.lang.Object java.lang.invoke.DirectMethodHandle$Holder.invokeInterface(java.lang.Object, java.lang.Object, java.lang.Object)'> (0x00000000a7605390) 
thrown [s\src\hotspot\share\interpreter\linkResolver.cpp, line 759]
Event: 9.692 Thread 0x000001fdcabd53f0 Exception <a 'java/lang/IncompatibleClassChangeError'{0x00000000a76087b0}: Found class java.lang.Object, but interface was expected> (0x00000000a76087b0) 
thrown [s\src\hotspot\share\interpreter\linkResolver.cpp, line 826]
Event: 9.921 Thread 0x000001fddca7a890 Exception <a 'java/lang/reflect/InvocationTargetException'{0x00000000a7db0c08}> (0x00000000a7db0c08) 
thrown [s\src\hotspot\share\runtime\reflection.cpp, line 1121]
Event: 10.450 Thread 0x000001fddca7a890 Exception <a 'java/lang/reflect/InvocationTargetException'{0x00000000a7db4318}> (0x00000000a7db4318) 
thrown [s\src\hotspot\share\runtime\reflection.cpp, line 1121]
Event: 10.957 Thread 0x000001fddca7a890 Exception <a 'java/lang/reflect/InvocationTargetException'{0x00000000a7db7a28}> (0x00000000a7db7a28) 
thrown [s\src\hotspot\share\runtime\reflection.cpp, line 1121]
Event: 11.082 Thread 0x000001fdcabd53f0 Exception <a 'java/lang/NoSuchMethodError'{0x00000000a7144e08}: 'void java.lang.invoke.DirectMethodHandle$Holder.invokeStatic(java.lang.Object, java.lang.Object, java.lang.Object, java.lang.Object)'> (0x00000000a7144e08) 
thrown [s\src\hotspot\share\interpreter\linkResolver.cpp, line 759]
Event: 11.340 Thread 0x000001fdcabd53f0 Exception <a 'java/lang/NoSuchMethodError'{0x00000000a702ea70}: 'int java.lang.invoke.DirectMethodHandle$Holder.invokeStatic(java.lang.Object, java.lang.Object, java.lang.Object, java.lang.Object)'> (0x00000000a702ea70) 
thrown [s\src\hotspot\share\interpreter\linkResolver.cpp, line 759]
Event: 11.341 Thread 0x000001fdcabd53f0 Exception <a 'java/lang/NoSuchMethodError'{0x00000000a70323f0}: 'java.lang.Object java.lang.invoke.Invokers$Holder.invokeExact_MT(java.lang.Object, java.lang.Object, java.lang.Object, java.lang.Object, java.lang.Object, java.lang.Object)'> (0x00000000a70323f0) 
thrown [s\src\hotspot\share\interpreter\linkResolver.cpp, line 759]
Event: 11.346 Thread 0x000001fdcabd53f0 Exception <a 'java/lang/NoSuchMethodError'{0x00000000a703e118}: 'void java.lang.invoke.DirectMethodHandle$Holder.invokeStaticInit(java.lang.Object, java.lang.Object, java.lang.Object, java.lang.Object)'> (0x00000000a703e118) 
thrown [s\src\hotspot\share\interpreter\linkResolver.cpp, line 759]
Event: 11.364 Thread 0x000001fdcabd53f0 Exception <a 'java/lang/IncompatibleClassChangeError'{0x00000000a7052f90}: Found class java.lang.Object, but interface was expected> (0x00000000a7052f90) 
thrown [s\src\hotspot\share\interpreter\linkResolver.cpp, line 826]
Event: 11.463 Thread 0x000001fddca7a890 Exception <a 'java/lang/reflect/InvocationTargetException'{0x00000000a7dbb138}> (0x00000000a7dbb138) 
thrown [s\src\hotspot\share\runtime\reflection.cpp, line 1121]
Event: 11.578 Thread 0x000001fdcabd53f0 Exception <a 'java/lang/NoSuchMethodError'{0x00000000a6e4fd90}: 'java.lang.Object java.lang.invoke.DirectMethodHandle$Holder.newInvokeSpecial(java.lang.Object, java.lang.Object, java.lang.Object, java.lang.Object, java.lang.Object, java.lang.Object)'> (0x00000000a6e4fd90) 
thrown [s\src\hotspot\share\interpreter\linkResolver.cpp, line 759]
Event: 11.610 Thread 0x000001fdcabd53f0 Exception <a 'java/lang/NoSuchMethodError'{0x00000000a6e871a0}: 'java.lang.Object java.lang.invoke.DirectMethodHandle$Holder.invokeStatic(java.lang.Object, java.lang.Object, int)'> (0x00000000a6e871a0) 
thrown [s\src\hotspot\share\interpreter\linkResolver.cpp, line 759]
Event: 11.613 Thread 0x000001fdcabd53f0 Exception <a 'java/lang/NoSuchMethodError'{0x00000000a6e92f48}: 'void java.lang.invoke.DelegatingMethodHandle$Holder.delegate(java.lang.Object, java.lang.Object, int, java.lang.Object)'> (0x00000000a6e92f48) 
thrown [s\src\hotspot\share\interpreter\linkResolver.cpp, line 759]
Event: 11.969 Thread 0x000001fddca7a890 Exception <a 'java/lang/reflect/InvocationTargetException'{0x00000000a7dbe848}> (0x00000000a7dbe848) 
thrown [s\src\hotspot\share\runtime\reflection.cpp, line 1121]
Event: 12.476 Thread 0x000001fddca7a890 Exception <a 'java/lang/reflect/InvocationTargetException'{0x00000000a7dc1f58}> (0x00000000a7dc1f58) 
thrown [s\src\hotspot\share\runtime\reflection.cpp, line 1121]

VM Operations (20 events):
Event: 7.585 Executing VM operation: HandshakeAllThreads done
Event: 7.585 Executing VM operation: Cleanup
Event: 7.585 Executing VM operation: Cleanup done
Event: 8.593 Executing VM operation: Cleanup
Event: 8.610 Executing VM operation: Cleanup done
Event: 8.660 Executing VM operation: HandshakeAllThreads
Event: 8.660 Executing VM operation: HandshakeAllThreads done
Event: 8.723 Executing VM operation: G1CollectForAllocation
Event: 8.791 Executing VM operation: G1CollectForAllocation done
Event: 9.793 Executing VM operation: HandshakeAllThreads
Event: 9.793 Executing VM operation: HandshakeAllThreads done
Event: 9.793 Executing VM operation: Cleanup
Event: 9.802 Executing VM operation: Cleanup done
Event: 10.595 Executing VM operation: HandshakeAllThreads
Event: 10.595 Executing VM operation: HandshakeAllThreads done
Event: 11.595 Executing VM operation: Cleanup
Event: 11.596 Executing VM operation: Cleanup done
Event: 11.739 Executing VM operation: HandshakeAllThreads
Event: 11.740 Executing VM operation: HandshakeAllThreads done
Event: 12.715 Executing VM operation: G1CollectForAllocation

Events (20 events):
Event: 12.647 Thread 0x000001fddca7ada0 Thread added: 0x000001fddca7ada0
Event: 12.677 loading class java/util/concurrent/ForkJoinPool
Event: 12.680 loading class java/util/concurrent/ForkJoinPool done
Event: 12.681 loading class java/lang/invoke/VarHandleInts$FieldStaticReadWrite
Event: 12.681 loading class java/lang/invoke/VarHandleInts$FieldStaticReadOnly
Event: 12.681 loading class java/lang/invoke/VarHandleInts$FieldStaticReadOnly done
Event: 12.681 loading class java/lang/invoke/VarHandleInts$FieldStaticReadWrite done
Event: 12.682 loading class java/util/concurrent/ForkJoinPool$DefaultForkJoinWorkerThreadFactory
Event: 12.682 loading class java/util/concurrent/ForkJoinPool$ForkJoinWorkerThreadFactory
Event: 12.682 loading class java/util/concurrent/ForkJoinPool$ForkJoinWorkerThreadFactory done
Event: 12.682 loading class java/util/concurrent/ForkJoinPool$DefaultForkJoinWorkerThreadFactory done
Event: 12.682 loading class java/util/concurrent/ForkJoinPool$1
Event: 12.682 loading class java/util/concurrent/ForkJoinPool$1 done
Event: 12.682 loading class java/util/concurrent/ForkJoinPool$DefaultCommonPoolForkJoinWorkerThreadFactory
Event: 12.683 loading class java/util/concurrent/ForkJoinPool$DefaultCommonPoolForkJoinWorkerThreadFactory done
Event: 12.683 loading class java/util/concurrent/ForkJoinPool$WorkQueue
Event: 12.683 loading class java/util/concurrent/ForkJoinPool$WorkQueue done
Event: 12.683 loading class java/util/concurrent/ForkJoinWorkerThread
Event: 12.684 loading class java/util/concurrent/ForkJoinWorkerThread done
Event: 12.684 Thread 0x000001fddca7ada0 Thread exited: 0x000001fddca7ada0


Dynamic libraries:
0x00007ff601180000 - 0x00007ff60118e000 	C:\Users\SAUMYAAG\Downloads\sts-4.20.0.RELEASE\plugins\org.eclipse.justj.openjdk.hotspot.jre.full.win32.x86_64_17.0.8.v20230831-1047\jre\bin\javaw.exe
0x00007ffb2b950000 - 0x00007ffb2bb67000 	C:\Windows\SYSTEM32\ntdll.dll
0x00007ffb2a770000 - 0x00007ffb2a834000 	C:\Windows\System32\KERNEL32.DLL
0x00007ffb290f0000 - 0x00007ffb29496000 	C:\Windows\System32\KERNELBASE.dll
0x00007ffb28fa0000 - 0x00007ffb290b1000 	C:\Windows\System32\ucrtbase.dll
0x00007ffb21f30000 - 0x00007ffb21f47000 	C:\Users\SAUMYAAG\Downloads\sts-4.20.0.RELEASE\plugins\org.eclipse.justj.openjdk.hotspot.jre.full.win32.x86_64_17.0.8.v20230831-1047\jre\bin\jli.dll
0x00007ffb2b6d0000 - 0x00007ffb2b87d000 	C:\Windows\System32\USER32.dll
0x00007ffb23130000 - 0x00007ffb23149000 	C:\Users\SAUMYAAG\Downloads\sts-4.20.0.RELEASE\plugins\org.eclipse.justj.openjdk.hotspot.jre.full.win32.x86_64_17.0.8.v20230831-1047\jre\bin\VCRUNTIME140.dll
0x00007ffb27ea0000 - 0x00007ffb28133000 	C:\Windows\WinSxS\amd64_microsoft.windows.common-controls_6595b64144ccf1df_6.0.22621.2361_none_2712ced57382f843\COMCTL32.dll
0x00007ffb29e10000 - 0x00007ffb29eb7000 	C:\Windows\System32\msvcrt.dll
0x00007ffb2a720000 - 0x00007ffb2a749000 	C:\Windows\System32\GDI32.dll
0x00007ffb290c0000 - 0x00007ffb290e6000 	C:\Windows\System32\win32u.dll
0x00007ffb28dc0000 - 0x00007ffb28ed8000 	C:\Windows\System32\gdi32full.dll
0x00007ffb29610000 - 0x00007ffb296aa000 	C:\Windows\System32\msvcp_win.dll
0x00007ffb29760000 - 0x00007ffb29791000 	C:\Windows\System32\IMM32.DLL
0x000001fdcab30000 - 0x000001fdcab44000 	C:\Windows\System32\umppc17213.dll
0x00007ffb28a70000 - 0x00007ffb28b80000 	C:\Program Files\Avecto\Privilege Guard Client\PGHook.dll
0x00007ffb29a60000 - 0x00007ffb29b10000 	C:\Windows\System32\ADVAPI32.dll
0x00007ffb296b0000 - 0x00007ffb29756000 	C:\Windows\System32\sechost.dll
0x00007ffb29c60000 - 0x00007ffb29d77000 	C:\Windows\System32\RPCRT4.dll
0x00007ffb14320000 - 0x00007ffb1432c000 	C:\Users\SAUMYAAG\Downloads\sts-4.20.0.RELEASE\plugins\org.eclipse.justj.openjdk.hotspot.jre.full.win32.x86_64_17.0.8.v20230831-1047\jre\bin\vcruntime140_1.dll
0x00007ffb0d9f0000 - 0x00007ffb0da81000 	C:\Users\SAUMYAAG\Downloads\sts-4.20.0.RELEASE\plugins\org.eclipse.justj.openjdk.hotspot.jre.full.win32.x86_64_17.0.8.v20230831-1047\jre\bin\msvcp140.dll
0x00007ffabb980000 - 0x00007ffabc5cc000 	C:\Users\SAUMYAAG\Downloads\sts-4.20.0.RELEASE\plugins\org.eclipse.justj.openjdk.hotspot.jre.full.win32.x86_64_17.0.8.v20230831-1047\jre\bin\server\jvm.dll
0x00007ffb28ba0000 - 0x00007ffb28bed000 	C:\Windows\SYSTEM32\POWRPROF.dll
0x00007ffb283d0000 - 0x00007ffb283d9000 	C:\Windows\SYSTEM32\WSOCK32.dll
0x00007ffb29be0000 - 0x00007ffb29c51000 	C:\Windows\System32\WS2_32.dll
0x00007ffb20430000 - 0x00007ffb20464000 	C:\Windows\SYSTEM32\WINMM.dll
0x00007ffb1eeb0000 - 0x00007ffb1eeba000 	C:\Windows\SYSTEM32\VERSION.dll
0x00007ffb28b80000 - 0x00007ffb28b93000 	C:\Windows\SYSTEM32\UMPDC.dll
0x00007ffb271c0000 - 0x00007ffb271d8000 	C:\Windows\SYSTEM32\kernel.appcore.dll
0x00007ffb230e0000 - 0x00007ffb230ea000 	C:\Users\SAUMYAAG\Downloads\sts-4.20.0.RELEASE\plugins\org.eclipse.justj.openjdk.hotspot.jre.full.win32.x86_64_17.0.8.v20230831-1047\jre\bin\jimage.dll
0x00007ffb28450000 - 0x00007ffb2867e000 	C:\Windows\SYSTEM32\DBGHELP.DLL
0x00007ffb2b090000 - 0x00007ffb2b41a000 	C:\Windows\System32\combase.dll
0x00007ffb2b5f0000 - 0x00007ffb2b6c7000 	C:\Windows\System32\OLEAUT32.dll
0x00007ffb28310000 - 0x00007ffb28342000 	C:\Windows\SYSTEM32\dbgcore.DLL
0x00007ffb28cd0000 - 0x00007ffb28d4a000 	C:\Windows\System32\bcryptPrimitives.dll
0x00007ffb22870000 - 0x00007ffb22895000 	C:\Users\SAUMYAAG\Downloads\sts-4.20.0.RELEASE\plugins\org.eclipse.justj.openjdk.hotspot.jre.full.win32.x86_64_17.0.8.v20230831-1047\jre\bin\java.dll
0x00007ffb20410000 - 0x00007ffb20428000 	C:\Users\SAUMYAAG\Downloads\sts-4.20.0.RELEASE\plugins\org.eclipse.justj.openjdk.hotspot.jre.full.win32.x86_64_17.0.8.v20230831-1047\jre\bin\zip.dll
0x00007ffb29ec0000 - 0x00007ffb2a718000 	C:\Windows\System32\SHELL32.dll
0x00007ffb25e30000 - 0x00007ffb26722000 	C:\Windows\SYSTEM32\windows.storage.dll
0x00007ffb25ca0000 - 0x00007ffb25dde000 	C:\Windows\SYSTEM32\wintypes.dll
0x00007ffb2adf0000 - 0x00007ffb2aee3000 	C:\Windows\System32\SHCORE.dll
0x00007ffb2b430000 - 0x00007ffb2b48e000 	C:\Windows\System32\shlwapi.dll
0x00007ffb28c00000 - 0x00007ffb28c26000 	C:\Windows\SYSTEM32\profapi.dll
0x00007ffb154e0000 - 0x00007ffb154f9000 	C:\Users\SAUMYAAG\Downloads\sts-4.20.0.RELEASE\plugins\org.eclipse.justj.openjdk.hotspot.jre.full.win32.x86_64_17.0.8.v20230831-1047\jre\bin\net.dll
0x00007ffb27240000 - 0x00007ffb27377000 	C:\Windows\SYSTEM32\WINHTTP.dll
0x00007ffb27790000 - 0x00007ffb277f9000 	C:\Windows\system32\mswsock.dll
0x00007ffb142e0000 - 0x00007ffb142f5000 	C:\Users\SAUMYAAG\Downloads\sts-4.20.0.RELEASE\plugins\org.eclipse.justj.openjdk.hotspot.jre.full.win32.x86_64_17.0.8.v20230831-1047\jre\bin\nio.dll
0x00007ffb14310000 - 0x00007ffb14319000 	C:\Users\SAUMYAAG\Downloads\sts-4.20.0.RELEASE\plugins\org.eclipse.justj.openjdk.hotspot.jre.full.win32.x86_64_17.0.8.v20230831-1047\jre\bin\management.dll
0x00007ffb14300000 - 0x00007ffb1430b000 	C:\Users\SAUMYAAG\Downloads\sts-4.20.0.RELEASE\plugins\org.eclipse.justj.openjdk.hotspot.jre.full.win32.x86_64_17.0.8.v20230831-1047\jre\bin\management_ext.dll
0x00007ffb2b420000 - 0x00007ffb2b428000 	C:\Windows\System32\PSAPI.DLL
0x00007ffb15860000 - 0x00007ffb15877000 	C:\Windows\system32\napinsp.dll
0x00007ffb15820000 - 0x00007ffb1583b000 	C:\Windows\system32\pnrpnsp.dll
0x00007ffb26b10000 - 0x00007ffb26c09000 	C:\Windows\SYSTEM32\DNSAPI.dll
0x00007ffb26ae0000 - 0x00007ffb26b0d000 	C:\Windows\SYSTEM32\IPHLPAPI.DLL
0x00007ffb2a840000 - 0x00007ffb2a849000 	C:\Windows\System32\NSI.dll
0x00007ffb15710000 - 0x00007ffb15721000 	C:\Windows\System32\winrnr.dll
0x00007ffb156a0000 - 0x00007ffb156b5000 	C:\Windows\system32\wshbth.dll
0x00007ffb15670000 - 0x00007ffb15691000 	C:\Windows\system32\nlansp_c.dll
0x00007ffb1d140000 - 0x00007ffb1d14a000 	C:\Windows\System32\rasadhlp.dll
0x00007ffb22370000 - 0x00007ffb223f4000 	C:\Windows\System32\fwpuclnt.dll
0x00007ffb28770000 - 0x00007ffb2878b000 	C:\Windows\SYSTEM32\CRYPTSP.dll
0x00007ffb27a60000 - 0x00007ffb27a95000 	C:\Windows\system32\rsaenh.dll
0x00007ffb27800000 - 0x00007ffb2782c000 	C:\Windows\SYSTEM32\USERENV.dll
0x00007ffb28350000 - 0x00007ffb28378000 	C:\Windows\SYSTEM32\bcrypt.dll
0x00007ffb27a50000 - 0x00007ffb27a5c000 	C:\Windows\SYSTEM32\CRYPTBASE.dll
0x00007ffb21e80000 - 0x00007ffb21e99000 	C:\Windows\SYSTEM32\dhcpcsvc6.DLL
0x00007ffb21a10000 - 0x00007ffb21a2f000 	C:\Windows\SYSTEM32\dhcpcsvc.DLL
0x00007ffb20400000 - 0x00007ffb20410000 	C:\Users\SAUMYAAG\Downloads\sts-4.20.0.RELEASE\plugins\org.eclipse.justj.openjdk.hotspot.jre.full.win32.x86_64_17.0.8.v20230831-1047\jre\bin\verify.dll

dbghelp: loaded successfully - version: 4.0.5 - missing functions: none
symbol engine: initialized successfully - sym options: 0x614 - pdb path: .;C:\Users\SAUMYAAG\Downloads\sts-4.20.0.RELEASE\plugins\org.eclipse.justj.openjdk.hotspot.jre.full.win32.x86_64_17.0.8.v20230831-1047\jre\bin;C:\Windows\SYSTEM32;C:\Windows\WinSxS\amd64_microsoft.windows.common-controls_6595b64144ccf1df_6.0.22621.2361_none_2712ced57382f843;C:\Program Files\Avecto\Privilege Guard Client;C:\Users\SAUMYAAG\Downloads\sts-4.20.0.RELEASE\plugins\org.eclipse.justj.openjdk.hotspot.jre.full.win32.x86_64_17.0.8.v20230831-1047\jre\bin\server

VM Arguments:
jvm_args: -Dcom.sun.management.jmxremote -Dcom.sun.management.jmxremote.port=59565 -Dcom.sun.management.jmxremote.authenticate=false -Dcom.sun.management.jmxremote.ssl=false -Djava.rmi.server.hostname=localhost -Dspring.jmx.enabled=true -Dmanagement.endpoints.jmx.exposure.include=* -Dspring.application.admin.enabled=true -XX:TieredStopAtLevel=1 -Dspring.boot.project.name=ApiGateway -Dfile.encoding=UTF-8 -Dstdout.encoding=UTF-8 -Dstderr.encoding=UTF-8 -XX:+ShowCodeDetailsInExceptionMessages 
java_command: com.api.gateway.ApiGatewayApplication --spring.output.ansi.enabled=always
java_class_path (initial): C:\Users\SAUMYAAG\Desktop\OnDemandCarWashSystem\Backendd\ApiGateway\target\classes;C:\Users\SAUMYAAG\.m2\repository\org\springframework\cloud\spring-cloud-starter-gateway\3.1.4\spring-cloud-starter-gateway-3.1.4.jar;C:\Users\SAUMYAAG\.m2\repository\org\springframework\cloud\spring-cloud-starter\3.1.5\spring-cloud-starter-3.1.5.jar;C:\Users\SAUMYAAG\.m2\repository\org\springframework\cloud\spring-cloud-context\3.1.5\spring-cloud-context-3.1.5.jar;C:\Users\SAUMYAAG\.m2\repository\org\springframework\security\spring-security-crypto\5.7.6\spring-security-crypto-5.7.6.jar;C:\Users\SAUMYAAG\.m2\repository\org\springframework\cloud\spring-cloud-commons\3.1.5\spring-cloud-commons-3.1.5.jar;C:\Users\SAUMYAAG\.m2\repository\org\springframework\security\spring-security-rsa\1.0.11.RELEASE\spring-security-rsa-1.0.11.RELEASE.jar;C:\Users\SAUMYAAG\.m2\repository\org\bouncycastle\bcpkix-jdk15on\1.69\bcpkix-jdk15on-1.69.jar;C:\Users\SAUMYAAG\.m2\repository\org\bouncycastle\bcprov-jdk15on\1.69\bcprov-jdk15on-1.69.jar;C:\Users\SAUMYAAG\.m2\repository\org\bouncycastle\bcutil-jdk15on\1.69\bcutil-jdk15on-1.69.jar;C:\Users\SAUMYAAG\.m2\repository\org\springframework\cloud\spring-cloud-gateway-server\3.1.4\spring-cloud-gateway-server-3.1.4.jar;C:\Users\SAUMYAAG\.m2\repository\org\springframework\boot\spring-boot-starter-validation\2.7.7-SNAPSHOT\spring-boot-starter-validation-2.7.7-SNAPSHOT.jar;C:\Users\SAUMYAAG\.m2\repository\org\apache\tomcat\embed\tomcat-embed-el\9.0.70\tomcat-embed-el-9.0.70.jar;C:\Users\SAUMYAAG\.m2\repository\org\hibernate\validator\hibernate-validator\6.2.5.Final\hibernate-validator-6.2.5.Final.jar;C:\Users\SAUMYAAG\.m2\repository\jakarta\validation\jakarta.validation-api\2.0.2\jakarta.validation-api-2.0.2.jar;C:\Users\SAUMYAAG\.m2\repository\org\jboss\logging\jboss-logging\3.4.3.Final\jboss-logging-3.4.3.Final.jar;C:\Users\SAUMYAAG\.m2\repository\com\fasterxml\classmate\1.5.1\classmate-1.5.1.jar;C:\Users\SAUMYAAG\.m2\repository\io\proje
Launcher Type: SUN_STANDARD

[Global flags]
     intx CICompilerCount                          = 4                                         {product} {ergonomic}
     uint ConcGCThreads                            = 2                                         {product} {ergonomic}
     uint G1ConcRefinementThreads                  = 8                                         {product} {ergonomic}
   size_t G1HeapRegionSize                         = 1048576                                   {product} {ergonomic}
    uintx GCDrainStackTargetSize                   = 64                                        {product} {ergonomic}
   size_t InitialHeapSize                          = 100663296                                 {product} {ergonomic}
     bool ManagementServer                         = true                                      {product} {command line}
   size_t MarkStackSize                            = 4194304                                   {product} {ergonomic}
   size_t MaxHeapSize                              = 1579155456                                {product} {ergonomic}
   size_t MaxNewSize                               = 946864128                                 {product} {ergonomic}
   size_t MinHeapDeltaBytes                        = 1048576                                   {product} {ergonomic}
   size_t MinHeapSize                              = 8388608                                   {product} {ergonomic}
    uintx NonProfiledCodeHeapSize                  = 0                                      {pd product} {ergonomic}
     bool ProfileInterpreter                       = false                                  {pd product} {command line}
    uintx ProfiledCodeHeapSize                     = 0                                      {pd product} {ergonomic}
     bool ShowCodeDetailsInExceptionMessages       = true                                   {manageable} {command line}
   size_t SoftMaxHeapSize                          = 1579155456                             {manageable} {ergonomic}
     intx TieredStopAtLevel                        = 1                                         {product} {command line}
     bool UseCompressedClassPointers               = true                           {product lp64_product} {ergonomic}
     bool UseCompressedOops                        = true                           {product lp64_product} {ergonomic}
     bool UseG1GC                                  = true                                      {product} {ergonomic}
     bool UseLargePagesIndividualAllocation        = false                                  {pd product} {ergonomic}

Logging:
Log output configuration:
 #0: stdout all=warning uptime,level,tags
 #1: stderr all=off uptime,level,tags

Environment Variables:
PATH=C:/Users/SAUMYAAG/Downloads/sts-4.20.0.RELEASE//plugins/org.eclipse.justj.openjdk.hotspot.jre.full.win32.x86_64_17.0.8.v20230831-1047/jre/bin/server;C:/Users/SAUMYAAG/Downloads/sts-4.20.0.RELEASE//plugins/org.eclipse.justj.openjdk.hotspot.jre.full.win32.x86_64_17.0.8.v20230831-1047/jre/bin;C:\Program Files\Eclipse Adoptium\jdk-19.0.2.7-hotspot\bin;C:\Windows\system32;C:\Windows;C:\Windows\System32\Wbem;C:\Windows\System32\WindowsPowerShell\v1.0\;C:\Windows\System32\OpenSSH\;C:\Program Files\Git\cmd;C:\Users\SAUMYAAG\AppData\Local\Microsoft\WindowsApps;C:\Users\SAUMYAAG\AppData\Local\Programs\Microsoft VS Code\bin;C:\Users\SAUMYAAG\Downloads\node-v18.18.1-win-x86\node-v18.18.1-win-x86;;C:\Users\SAUMYAAG\Downloads\sts-4.20.0.RELEASE;
USERNAME=saumyaag
OS=Windows_NT
PROCESSOR_IDENTIFIER=AMD64 Family 23 Model 24 Stepping 1, AuthenticAMD
TMP=C:\Users\SAUMYAAG\AppData\Local\Temp
TEMP=C:\Users\SAUMYAAG\AppData\Local\Temp



---------------  S Y S T E M  ---------------

OS:
 Windows 11 , 64 bit Build 22621 (10.0.22621.2428)
OS uptime: 0 days 4:39 hours
Hyper-V role detected

CPU: total 8 (initial active 8) (8 cores per cpu, 2 threads per core) family 23 model 24 stepping 1 microcode 0x0, cx8, cmov, fxsr, ht, mmx, 3dnowpref, sse, sse2, sse3, ssse3, sse4a, sse4.1, sse4.2, popcnt, lzcnt, tsc, tscinvbit, avx, avx2, aes, clmul, bmi1, bmi2, adx, sha, fma, vzeroupper, clflush, clflushopt, hv
Processor Information for all 8 processors :
  Max Mhz: 2100, Current Mhz: 1400, Mhz Limit: 1386

Memory: 4k page, system-wide physical 6022M (433M free)
TotalPageFile size 17286M (AvailPageFile size 4501M)
current process WorkingSet (physical memory assigned to process): 93M, peak: 93M
current process commit charge ("private bytes"): 193M, peak: 194M

vm_info: OpenJDK 64-Bit Server VM (17.0.8.1+1) for windows-amd64 JRE (17.0.8.1+1), built on Aug 23 2023 15:29:17 by "admin" with MS VC++ 16.7 (VS2019)

END.
